2020-01-14 16:01:34 [main] INFO  Executor:37 - This is the tacgNode : [agent: null]
2020-01-14 16:01:34 [main] INFO  Executor:40 - =============================this is generated actual event  compareEvent=============================
2020-01-14 16:01:34 [main] INFO  XmlEventComparator:78 - actualTacgNodeName : agent and expectedJacgNodeName agent
2020-01-14 16:01:34 [main] INFO  XmlEventComparator:96 - *********Actual :    [    1874_Idle_123456  ]
2020-01-14 16:01:34 [main] INFO  XmlEventComparator:103 - *********EventCnt = 1  : expectedAgentId -[ 1874_Idle_123456 ]
2020-01-14 16:01:34 [main] INFO  XmlEventComparator:252 - 1874_Idle_123456_agent - All event attribute values are matched......
2020-01-14 16:01:34 [main] INFO  XmlEventComparator:254 - Error = 1874_Idle_123456_agent_auxiliaryInformation Expected attribute code values [211233] doesnot match with actual [2112] 

2020-01-14 16:01:34 [main] ERROR XmlEventComparator:166 - 1874_Idle_123456_agent_auxiliaryInformation - Compare attributes failed
2020-01-14 16:01:34 [main] ERROR XmlEventComparator:177 - 1874_Idle_123456_agent_auxiliaryInformation - Compare node failed.
2020-01-14 16:01:34 [main] INFO  Executor:43 - =================*****************============[false]==============*****************===============
2020-01-14 16:01:34 [main] INFO  Executor:40 - =============================this is generated actual event  compareEvent=============================
2020-01-14 16:01:34 [main] INFO  XmlEventComparator:78 - actualTacgNodeName : agent and expectedJacgNodeName agent
2020-01-14 16:01:34 [main] INFO  XmlEventComparator:96 - *********Actual :    [    1874_Available_123456  ]
2020-01-14 16:01:34 [main] INFO  XmlEventComparator:103 - *********EventCnt = 2  : expectedAgentId -[ 1874_Available_123456 ]
2020-01-14 16:01:34 [main] INFO  XmlEventComparator:252 - 1874_Available_123456_agent - All event attribute values are matched......
2020-01-14 16:01:34 [main] INFO  Executor:43 - =================*****************============[true]==============*****************===============
2020-01-14 16:01:34 [main] INFO  Executor:40 - =============================this is generated actual event  compareEvent=============================
2020-01-14 16:01:34 [main] INFO  XmlEventComparator:78 - actualTacgNodeName : agent and expectedJacgNodeName agent
2020-01-14 16:01:34 [main] INFO  XmlEventComparator:96 - *********Actual :    [    1874_Ringing_123456  ]
2020-01-14 16:01:34 [main] INFO  XmlEventComparator:103 - *********EventCnt = 3  : expectedAgentId -[ 1874_Ringing_123456 ]
2020-01-14 16:01:34 [main] INFO  XmlEventComparator:252 - 1874_Ringing_123456_agent - All event attribute values are matched......
2020-01-14 16:01:34 [main] INFO  XmlEventComparator:252 - 1874_Ringing_123456_agent_commandMessage - All event attribute values are matched......
2020-01-14 16:01:34 [main] INFO  XmlEventComparator:252 - 1874_Ringing_123456_agent_commandMessage_param - All event attribute values are matched......
2020-01-14 16:01:34 [main] INFO  XmlEventComparator:252 - 1874_Ringing_123456_agent_commandMessage_param_param - All event attribute values are matched......
2020-01-14 16:01:34 [main] INFO  XmlEventComparator:252 - 1874_Ringing_123456_agent_commandMessage_param_param_param - All event attribute values are matched......
2020-01-14 16:01:34 [main] INFO  XmlEventComparator:254 - Error = 1874_Ringing_123456_agent_commandMessage_param_param_param_param Expected attribute value values [10001] doesnot match with actual [10001222] 

2020-01-14 16:01:34 [main] ERROR XmlEventComparator:166 - 1874_Ringing_123456_agent_commandMessage_param_param_param_param - Compare attributes failed
2020-01-14 16:01:34 [main] ERROR XmlEventComparator:177 - 1874_Ringing_123456_agent_commandMessage_param_param_param_param - Compare node failed.
2020-01-14 16:01:34 [main] INFO  XmlEventComparator:252 - 1874_Ringing_123456_agent_commandMessage_param_param_param_param_param - All event attribute values are matched......
2020-01-14 16:01:34 [main] INFO  XmlEventComparator:252 - 1874_Ringing_123456_agent_commandMessage_param_param_param_param_param_param - All event attribute values are matched......
2020-01-14 16:01:34 [main] INFO  XmlEventComparator:252 - 1874_Ringing_123456_agent_commandMessage_param_param_param_param_param_param_param - All event attribute values are matched......
2020-01-14 16:01:34 [main] INFO  XmlEventComparator:254 - Error = 1874_Ringing_123456_agent_commandMessage_param_param_param_param_param_param_param_param Expected attribute value values [32333] doesnot match with actual [32] 

2020-01-14 16:01:34 [main] ERROR XmlEventComparator:166 - 1874_Ringing_123456_agent_commandMessage_param_param_param_param_param_param_param_param - Compare attributes failed
2020-01-14 16:01:34 [main] ERROR XmlEventComparator:177 - 1874_Ringing_123456_agent_commandMessage_param_param_param_param_param_param_param_param - Compare node failed.
2020-01-14 16:01:34 [main] ERROR XmlEventComparator:177 - 1874_Ringing_123456_agent_commandMessage_param_param_param_param_param_param_param_param - Compare node failed.
2020-01-14 16:01:34 [main] INFO  Executor:43 - =================*****************============[false]==============*****************===============
2020-01-14 16:01:34 [main] INFO  Executor:40 - =============================this is generated actual event  compareEvent=============================
2020-01-14 16:01:34 [main] INFO  XmlEventComparator:78 - actualTacgNodeName : agent and expectedJacgNodeName agent
2020-01-14 16:01:34 [main] INFO  XmlEventComparator:96 - *********Actual :    [    1874_Connected_123456  ]
2020-01-14 16:01:34 [main] INFO  XmlEventComparator:103 - *********EventCnt = 4  : expectedAgentId -[ 1874_Connected_123456 ]
2020-01-14 16:01:34 [main] INFO  XmlEventComparator:252 - 1874_Connected_123456_agent - All event attribute values are matched......
2020-01-14 16:01:34 [main] INFO  XmlEventComparator:252 - 1874_Connected_123456_agent_commandMessage - All event attribute values are matched......
2020-01-14 16:01:34 [main] INFO  XmlEventComparator:252 - 1874_Connected_123456_agent_commandMessage_param - All event attribute values are matched......
2020-01-14 16:01:34 [main] INFO  XmlEventComparator:252 - 1874_Connected_123456_agent_commandMessage_param_param - All event attribute values are matched......
2020-01-14 16:01:34 [main] INFO  XmlEventComparator:252 - 1874_Connected_123456_agent_commandMessage_param_param_param - All event attribute values are matched......
2020-01-14 16:01:34 [main] INFO  XmlEventComparator:252 - 1874_Connected_123456_agent_commandMessage_param_param_param_param - All event attribute values are matched......
2020-01-14 16:01:34 [main] INFO  XmlEventComparator:252 - 1874_Connected_123456_agent_commandMessage_param_param_param_param_param - All event attribute values are matched......
2020-01-14 16:01:34 [main] INFO  XmlEventComparator:252 - 1874_Connected_123456_agent_commandMessage_param_param_param_param_param_param - All event attribute values are matched......
2020-01-14 16:01:34 [main] INFO  XmlEventComparator:252 - 1874_Connected_123456_agent_commandMessage_param_param_param_param_param_param_param - All event attribute values are matched......
2020-01-14 16:01:34 [main] INFO  Executor:43 - =================*****************============[true]==============*****************===============
2020-01-14 16:01:34 [main] INFO  Executor:40 - =============================this is generated actual event  compareEvent=============================
2020-01-14 16:01:34 [main] INFO  XmlEventComparator:78 - actualTacgNodeName : agent-command and expectedJacgNodeName agent-command
2020-01-14 16:01:34 [main] INFO  XmlEventComparator:130 - @@@@@@@@@@             Actual :  [ 1874_CallEnded_123456 ]
2020-01-14 16:01:34 [main] INFO  XmlEventComparator:138 - @@@@@@@@@@EventCnt = 5 Expected : [ 1874_CallEnded_123456 ]
2020-01-14 16:01:34 [main] INFO  XmlEventComparator:252 - 1874_CallEnded_123456_agent-command - All event attribute values are matched......
2020-01-14 16:01:34 [main] INFO  Executor:43 - =================*****************============[true]==============*****************===============
2020-01-14 16:01:34 [main] INFO  Executor:40 - =============================this is generated actual event  compareEvent=============================
2020-01-14 16:01:34 [main] INFO  XmlEventComparator:78 - actualTacgNodeName : agent and expectedJacgNodeName agent
2020-01-14 16:01:34 [main] INFO  XmlEventComparator:96 - *********Actual :    [    1874_WrapUp_123456  ]
2020-01-14 16:01:34 [main] INFO  XmlEventComparator:103 - *********EventCnt = 6  : expectedAgentId -[ 1874_WrapUp_123456 ]
2020-01-14 16:01:34 [main] INFO  XmlEventComparator:252 - 1874_WrapUp_123456_agent - All event attribute values are matched......
2020-01-14 16:01:34 [main] INFO  XmlEventComparator:252 - 1874_WrapUp_123456_agent_commandMessage - All event attribute values are matched......
2020-01-14 16:01:34 [main] INFO  XmlEventComparator:252 - 1874_WrapUp_123456_agent_commandMessage_param - All event attribute values are matched......
2020-01-14 16:01:34 [main] INFO  XmlEventComparator:252 - 1874_WrapUp_123456_agent_commandMessage_param_param - All event attribute values are matched......
2020-01-14 16:01:34 [main] INFO  Executor:43 - =================*****************============[true]==============*****************===============
2020-01-14 16:01:34 [main] INFO  Executor:40 - =============================this is generated actual event  compareEvent=============================
2020-01-14 16:01:34 [main] INFO  XmlEventComparator:78 - actualTacgNodeName : agent and expectedJacgNodeName agent
2020-01-14 16:01:34 [main] INFO  XmlEventComparator:96 - *********Actual :    [    1874_Idle_123456  ]
2020-01-14 16:01:34 [main] INFO  XmlEventComparator:103 - *********EventCnt = 7  : expectedAgentId -[ 1874_Idle_123456 ]
2020-01-14 16:01:34 [main] INFO  XmlEventComparator:252 - 1874_Idle_123456_agent - All event attribute values are matched......
2020-01-14 16:01:34 [main] INFO  XmlEventComparator:252 - 1874_Idle_123456_agent_auxiliaryInformation - All event attribute values are matched......
2020-01-14 16:01:34 [main] INFO  XmlEventComparator:252 - 1874_Idle_123456_agent_auxiliaryInformation_auxiliaryInformation - All event attribute values are matched......
2020-01-14 16:01:34 [main] INFO  Executor:43 - =================*****************============[true]==============*****************===============
2020-01-14 16:01:34 [main] INFO  Executor:40 - =============================this is generated actual event  compareEvent=============================
2020-01-14 16:01:34 [main] INFO  XmlEventComparator:78 - actualTacgNodeName : agent and expectedJacgNodeName agent
2020-01-14 16:01:34 [main] INFO  XmlEventComparator:96 - *********Actual :    [    1874_Idle_123456  ]
2020-01-14 16:01:34 [main] INFO  XmlEventComparator:103 - *********EventCnt = 8  : expectedAgentId -[ 1874_Idle_123456 ]
2020-01-14 16:01:34 [main] INFO  XmlEventComparator:252 - 1874_Idle_123456_agent - All event attribute values are matched......
2020-01-14 16:01:34 [main] INFO  XmlEventComparator:252 - 1874_Idle_123456_agent_auxiliaryInformation - All event attribute values are matched......
2020-01-14 16:01:34 [main] INFO  Executor:43 - =================*****************============[true]==============*****************===============
2020-01-14 16:01:34 [main] INFO  XmlEventComparator:264 - Agent DN : 123456 with subStatus:  [Idle, Available, Ringing, Connected, WrapUp, Idle, Idle, LoggedOut]
